# JRE version: OpenJDK Runtime Environment (8.0_92-b14) (build 1.8.0_92-b14)
# Java VM: OpenJDK 64-Bit Server VM (25.92-b14 mixed mode linux-amd64 compressed oops)
Heap:
 PSYoungGen      total 232960K, used 17592K [0x00000000eab00000, 0x0000000100000000, 0x0000000100000000)
  eden space 116736K, 0% used [0x00000000eab00000,0x00000000eab00000,0x00000000f1d00000)
  from space 116224K, 15% used [0x00000000f8e80000,0x00000000f9fae1b0,0x0000000100000000)
  to   space 116224K, 0% used [0x00000000f1d00000,0x00000000f1d00000,0x00000000f8e80000)
 ParOldGen       total 485888K, used 485820K [0x00000000c0000000, 0x00000000dda80000, 0x00000000eab00000)
  object space 485888K, 99% used [0x00000000c0000000,0x00000000dda6f3d0,0x00000000dda80000)
 Metaspace       used 416892K, capacity 437194K, committed 438528K, reserved 1421312K
  class space    used 57398K, capacity 65030K, committed 65792K, reserved 1048576K
GC Heap History (10 events):
Event: 22757,771 GC heap after
Heap after GC invocations=215 (full 44):
 PSYoungGen      total 222208K, used 82146K [0x00000000eab00000, 0x0000000100000000, 0x0000000100000000)
  eden space 139776K, 0% used [0x00000000eab00000,0x00000000eab00000,0x00000000f3380000)
  from space 82432K, 99% used [0x00000000f3380000,0x00000000f83b89b8,0x00000000f8400000)
  to   space 110080K, 0% used [0x00000000f9480000,0x00000000f9480000,0x0000000100000000)
 ParOldGen       total 485888K, used 418211K [0x00000000c0000000, 0x00000000dda80000, 0x00000000eab00000)
  object space 485888K, 86% used [0x00000000c0000000,0x00000000d9868ee8,0x00000000dda80000)
 Metaspace       used 401742K, capacity 421642K, committed 422272K, reserved 1409024K
  class space    used 55314K, capacity 62801K, committed 63360K, reserved 1048576K
}
Event: 22812,299 GC heap before
{Heap before GC invocations=216 (full 44):
 PSYoungGen      total 222208K, used 221922K [0x00000000eab00000, 0x0000000100000000, 0x0000000100000000)
  eden space 139776K, 100% used [0x00000000eab00000,0x00000000f3380000,0x00000000f3380000)
  from space 82432K, 99% used [0x00000000f3380000,0x00000000f83b89b8,0x00000000f8400000)
  to   space 110080K, 0% used [0x00000000f9480000,0x00000000f9480000,0x0000000100000000)
 ParOldGen       total 485888K, used 418211K [0x00000000c0000000, 0x00000000dda80000, 0x00000000eab00000)
  object space 485888K, 86% used [0x00000000c0000000,0x00000000d9868ee8,0x00000000dda80000)
 Metaspace       used 408599K, capacity 428866K, committed 429568K, reserved 1415168K
  class space    used 56312K, capacity 63962K, committed 64512K, reserved 1048576K
Event: 22812,366 GC heap after
Heap after GC invocations=216 (full 44):
 PSYoungGen      total 226816K, used 88235K [0x00000000eab00000, 0x0000000100000000, 0x0000000100000000)
  eden space 116736K, 0% used [0x00000000eab00000,0x00000000eab00000,0x00000000f1d00000)
  from space 110080K, 80% used [0x00000000f9480000,0x00000000feaaae28,0x0000000100000000)
  to   space 116224K, 0% used [0x00000000f1d00000,0x00000000f1d00000,0x00000000f8e80000)
 ParOldGen       total 485888K, used 418219K [0x00000000c0000000, 0x00000000dda80000, 0x00000000eab00000)
  object space 485888K, 86% used [0x00000000c0000000,0x00000000d986aee8,0x00000000dda80000)
 Metaspace       used 408599K, capacity 428866K, committed 429568K, reserved 1415168K
  class space    used 56312K, capacity 63962K, committed 64512K, reserved 1048576K
}
Event: 22813,510 GC heap before
{Heap before GC invocations=217 (full 44):
 PSYoungGen      total 226816K, used 204971K [0x00000000eab00000, 0x0000000100000000, 0x0000000100000000)
  eden space 116736K, 100% used [0x00000000eab00000,0x00000000f1d00000,0x00000000f1d00000)
  from space 110080K, 80% used [0x00000000f9480000,0x00000000feaaae28,0x0000000100000000)
  to   space 116224K, 0% used [0x00000000f1d00000,0x00000000f1d00000,0x00000000f8e80000)
 ParOldGen       total 485888K, used 418219K [0x00000000c0000000, 0x00000000dda80000, 0x00000000eab00000)
  object space 485888K, 86% used [0x00000000c0000000,0x00000000d986aee8,0x00000000dda80000)
 Metaspace       used 410193K, capacity 430570K, committed 431360K, reserved 1415168K
  class space    used 56553K, capacity 64255K, committed 64768K, reserved 1048576K
Event: 22813,573 GC heap after
Heap after GC invocations=217 (full 44):
 PSYoungGen      total 232960K, used 93135K [0x00000000eab00000, 0x0000000100000000, 0x0000000100000000)
  eden space 116736K, 0% used [0x00000000eab00000,0x00000000eab00000,0x00000000f1d00000)
  from space 116224K, 80% used [0x00000000f1d00000,0x00000000f77f3cc8,0x00000000f8e80000)
  to   space 116224K, 0% used [0x00000000f8e80000,0x00000000f8e80000,0x0000000100000000)
 ParOldGen       total 485888K, used 418219K [0x00000000c0000000, 0x00000000dda80000, 0x00000000eab00000)
  object space 485888K, 86% used [0x00000000c0000000,0x00000000d986aee8,0x00000000dda80000)
 Metaspace       used 410193K, capacity 430570K, committed 431360K, reserved 1415168K
  class space    used 56553K, capacity 64255K, committed 64768K, reserved 1048576K
}
Event: 22818,397 GC heap before
{Heap before GC invocations=218 (full 44):
 PSYoungGen      total 232960K, used 165836K [0x00000000eab00000, 0x0000000100000000, 0x0000000100000000)
  eden space 116736K, 62% used [0x00000000eab00000,0x00000000ef1ff538,0x00000000f1d00000)
  from space 116224K, 80% used [0x00000000f1d00000,0x00000000f77f3cc8,0x00000000f8e80000)
  to   space 116224K, 0% used [0x00000000f8e80000,0x00000000f8e80000,0x0000000100000000)
 ParOldGen       total 485888K, used 418219K [0x00000000c0000000, 0x00000000dda80000, 0x00000000eab00000)
  object space 485888K, 86% used [0x00000000c0000000,0x00000000d986aee8,0x00000000dda80000)
 Metaspace       used 411047K, capacity 431442K, committed 432000K, reserved 1417216K
  class space    used 56692K, capacity 64399K, committed 64896K, reserved 1048576K
Event: 22818,456 GC heap after
Heap after GC invocations=218 (full 44):
 PSYoungGen      total 232960K, used 92400K [0x00000000eab00000, 0x0000000100000000, 0x0000000100000000)
  eden space 116736K, 0% used [0x00000000eab00000,0x00000000eab00000,0x00000000f1d00000)
  from space 116224K, 79% used [0x00000000f8e80000,0x00000000fe8bc030,0x0000000100000000)
  to   space 116224K, 0% used [0x00000000f1d00000,0x00000000f1d00000,0x00000000f8e80000)
 ParOldGen       total 485888K, used 418219K [0x00000000c0000000, 0x00000000dda80000, 0x00000000eab00000)
  object space 485888K, 86% used [0x00000000c0000000,0x00000000d986aee8,0x00000000dda80000)
 Metaspace       used 411047K, capacity 431442K, committed 432000K, reserved 1417216K
  class space    used 56692K, capacity 64399K, committed 64896K, reserved 1048576K
}
Event: 22818,456 GC heap before
{Heap before GC invocations=219 (full 45):
 PSYoungGen      total 232960K, used 92400K [0x00000000eab00000, 0x0000000100000000, 0x0000000100000000)
  eden space 116736K, 0% used [0x00000000eab00000,0x00000000eab00000,0x00000000f1d00000)
  from space 116224K, 79% used [0x00000000f8e80000,0x00000000fe8bc030,0x0000000100000000)
  to   space 116224K, 0% used [0x00000000f1d00000,0x00000000f1d00000,0x00000000f8e80000)
 ParOldGen       total 485888K, used 418219K [0x00000000c0000000, 0x00000000dda80000, 0x00000000eab00000)
  object space 485888K, 86% used [0x00000000c0000000,0x00000000d986aee8,0x00000000dda80000)
 Metaspace       used 411047K, capacity 431442K, committed 432000K, reserved 1417216K
  class space    used 56692K, capacity 64399K, committed 64896K, reserved 1048576K
Event: 22819,654 GC heap after
Heap after GC invocations=219 (full 45):
 PSYoungGen      total 232960K, used 22586K [0x00000000eab00000, 0x0000000100000000, 0x0000000100000000)
  eden space 116736K, 0% used [0x00000000eab00000,0x00000000eab00000,0x00000000f1d00000)
  from space 116224K, 19% used [0x00000000f8e80000,0x00000000fa48ea80,0x0000000100000000)
  to   space 116224K, 0% used [0x00000000f1d00000,0x00000000f1d00000,0x00000000f8e80000)
 ParOldGen       total 485888K, used 485607K [0x00000000c0000000, 0x00000000dda80000, 0x00000000eab00000)
  object space 485888K, 99% used [0x00000000c0000000,0x00000000dda39cf0,0x00000000dda80000)
 Metaspace       used 411047K, capacity 431442K, committed 432000K, reserved 1417216K
  class space    used 56692K, capacity 64399K, committed 64896K, reserved 1048576K
}
Event: 22883,430 GC heap before
{Heap before GC invocations=220 (full 46):
 PSYoungGen      total 232960K, used 139322K [0x00000000eab00000, 0x0000000100000000, 0x0000000100000000)
  eden space 116736K, 100% used [0x00000000eab00000,0x00000000f1d00000,0x00000000f1d00000)
  from space 116224K, 19% used [0x00000000f8e80000,0x00000000fa48ea80,0x0000000100000000)
  to   space 116224K, 0% used [0x00000000f1d00000,0x00000000f1d00000,0x00000000f8e80000)
 ParOldGen       total 485888K, used 485607K [0x00000000c0000000, 0x00000000dda80000, 0x00000000eab00000)
  object space 485888K, 99% used [0x00000000c0000000,0x00000000dda39cf0,0x00000000dda80000)
 Metaspace       used 417347K, capacity 438120K, committed 438528K, reserved 1421312K
  class space    used 57595K, capacity 65462K, committed 65792K, reserved 1048576K

